<?xml version="1.0" encoding="UTF-8"?>
<testng-results ignored="0" total="1" passed="1" failed="0" skipped="0">
  <reporter-output>
  </reporter-output>
  <suite started-at="2025-07-11T01:24:39 IST" name="Default suite" finished-at="2025-07-11T01:25:12 IST" duration-ms="33495">
    <groups>
    </groups>
    <test started-at="2025-07-11T01:24:39 IST" name="Default test" finished-at="2025-07-11T01:25:12 IST" duration-ms="33495">
      <class name="SeleniumPackage.JSBasics">
        <test-method signature="f()[pri:0, instance:SeleniumPackage.JSBasics@4f83df68]" started-at="2025-07-11T01:24:39 IST" name="f" finished-at="2025-07-11T01:25:12 IST" duration-ms="33484" status="PASS">
          <reporter-output>
          </reporter-output>
        </test-method> <!-- f -->
      </class> <!-- SeleniumPackage.JSBasics -->
    </test> <!-- Default test -->
  </suite> <!-- Default suite -->
</testng-results>
