<?xml version="1.0" encoding="UTF-8"?>
<testng-results ignored="0" total="1" passed="1" failed="0" skipped="0">
  <reporter-output>
  </reporter-output>
  <suite started-at="2025-08-17T17:00:54 IST" name="Default suite" finished-at="2025-08-17T17:01:04 IST" duration-ms="10929">
    <groups>
    </groups>
    <test started-at="2025-08-17T17:00:54 IST" name="Default test" finished-at="2025-08-17T17:01:04 IST" duration-ms="10929">
      <class name="SeleniumPackage.DatePicker">
        <test-method is-config="true" signature="Setup()[pri:0, instance:SeleniumPackage.DatePicker@411f53a0]" started-at="2025-08-17T17:00:54 IST" name="Setup" finished-at="2025-08-17T17:00:55 IST" duration-ms="1278" status="PASS">
          <reporter-output>
          </reporter-output>
        </test-method> <!-- Setup -->
        <test-method signature="pickDate()[pri:0, instance:SeleniumPackage.DatePicker@411f53a0]" started-at="2025-08-17T17:00:55 IST" name="pickDate" finished-at="2025-08-17T17:01:04 IST" duration-ms="9533" status="PASS">
          <reporter-output>
          </reporter-output>
        </test-method> <!-- pickDate -->
        <test-method is-config="true" signature="TearDown()[pri:0, instance:SeleniumPackage.DatePicker@411f53a0]" started-at="2025-08-17T17:01:04 IST" name="TearDown" finished-at="2025-08-17T17:01:04 IST" duration-ms="98" status="PASS">
          <reporter-output>
          </reporter-output>
        </test-method> <!-- TearDown -->
      </class> <!-- SeleniumPackage.DatePicker -->
    </test> <!-- Default test -->
  </suite> <!-- Default suite -->
</testng-results>
